<?xml version="1.0" encoding="UTF-8"?>
<coverage generated="1767095043986" clover="3.2.0">
  <project timestamp="1767095043986" name="All files">
    <metrics statements="21" coveredstatements="18" conditionals="19" coveredconditionals="15" methods="7" coveredmethods="5" elements="47" coveredelements="38" complexity="0" loc="21" ncloc="21" packages="1" files="1" classes="1"/>
    <file name="FloatingTabBar.tsx" path="/home/runner/work/recipe-mate/recipe-mate/recipe-mate/components/FloatingTabBar.tsx">
      <metrics statements="21" coveredstatements="18" conditionals="19" coveredconditionals="15" methods="7" coveredmethods="5"/>
      <line num="43" count="2" type="stmt"/>
      <line num="44" count="2" type="stmt"/>
      <line num="45" count="2" type="stmt"/>
      <line num="46" count="2" type="stmt"/>
      <line num="48" count="2" type="stmt"/>
      <line num="49" count="0" type="stmt"/>
      <line num="50" count="0" type="stmt"/>
      <line num="53" count="2" type="stmt"/>
      <line num="54" count="2" type="stmt"/>
      <line num="55" count="2" type="stmt"/>
      <line num="68" count="2" type="stmt"/>
      <line num="69" count="2" type="stmt"/>
      <line num="70" count="2" type="cond" truecount="1" falsecount="1"/>
      <line num="71" count="2" type="stmt"/>
      <line num="75" count="2" type="stmt"/>
      <line num="77" count="2" type="stmt"/>
      <line num="95" count="8" type="stmt"/>
      <line num="96" count="8" type="cond" truecount="2" falsecount="0"/>
      <line num="98" count="8" type="stmt"/>
      <line num="102" count="0" type="stmt"/>
      <line num="129" count="1" type="stmt"/>
    </file>
  </project>
</coverage>
