{"/home/runner/work/recipe-mate/recipe-mate/recipe-mate/components/FloatingTabBar.tsx": {"path":"/home/runner/work/recipe-mate/recipe-mate/recipe-mate/components/FloatingTabBar.tsx","statementMap":{"0":{"start":{"line":43,"column":16},"end":{"line":43,"column":26}},"1":{"start":{"line":44,"column":17},"end":{"line":44,"column":28}},"2":{"start":{"line":45,"column":19},"end":{"line":45,"column":32}},"3":{"start":{"line":46,"column":22},"end":{"line":46,"column":39}},"4":{"start":{"line":48,"column":25},"end":{"line":51,"column":3}},"5":{"start":{"line":49,"column":4},"end":{"line":49,"column":39}},"6":{"start":{"line":50,"column":4},"end":{"line":50,"column":30}},"7":{"start":{"line":53,"column":33},"end":{"line":66,"column":4}},"8":{"start":{"line":54,"column":21},"end":{"line":54,"column":49}},"9":{"start":{"line":55,"column":4},"end":{"line":65,"column":6}},"10":{"start":{"line":68,"column":2},"end":{"line":73,"column":23}},"11":{"start":{"line":69,"column":18},"end":{"line":69,"column":71}},"12":{"start":{"line":69,"column":42},"end":{"line":69,"column":70}},"13":{"start":{"line":70,"column":4},"end":{"line":72,"column":5}},"14":{"start":{"line":71,"column":6},"end":{"line":71,"column":32}},"15":{"start":{"line":75,"column":19},"end":{"line":75,"column":47}},"16":{"start":{"line":77,"column":2},"end":{"line":126,"column":4}},"17":{"start":{"line":95,"column":27},"end":{"line":95,"column":55}},"18":{"start":{"line":96,"column":28},"end":{"line":96,"column":60}},"19":{"start":{"line":98,"column":10},"end":{"line":122,"column":12}},"20":{"start":{"line":102,"column":29},"end":{"line":102,"column":54}},"21":{"start":{"line":129,"column":15},"end":{"line":153,"column":2}}},"fnMap":{"0":{"name":"FloatingTabBar","decl":{"start":{"line":37,"column":24},"end":{"line":37,"column":38}},"loc":{"start":{"line":42,"column":24},"end":{"line":127,"column":1}},"line":42},"1":{"name":"(anonymous_1)","decl":{"start":{"line":48,"column":25},"end":{"line":48,"column":26}},"loc":{"start":{"line":48,"column":44},"end":{"line":51,"column":3}},"line":48},"2":{"name":"(anonymous_2)","decl":{"start":{"line":53,"column":50},"end":{"line":53,"column":51}},"loc":{"start":{"line":53,"column":56},"end":{"line":66,"column":3}},"line":53},"3":{"name":"(anonymous_3)","decl":{"start":{"line":68,"column":18},"end":{"line":68,"column":19}},"loc":{"start":{"line":68,"column":24},"end":{"line":73,"column":3}},"line":68},"4":{"name":"(anonymous_4)","decl":{"start":{"line":69,"column":33},"end":{"line":69,"column":34}},"loc":{"start":{"line":69,"column":42},"end":{"line":69,"column":70}},"line":69},"5":{"name":"(anonymous_5)","decl":{"start":{"line":94,"column":18},"end":{"line":94,"column":19}},"loc":{"start":{"line":94,"column":34},"end":{"line":123,"column":9}},"line":94},"6":{"name":"(anonymous_6)","decl":{"start":{"line":102,"column":23},"end":{"line":102,"column":24}},"loc":{"start":{"line":102,"column":29},"end":{"line":102,"column":54}},"line":102}},"branchMap":{"0":{"loc":{"start":{"line":39,"column":2},"end":{"line":39,"column":54}},"type":"default-arg","locations":[{"start":{"line":39,"column":19},"end":{"line":39,"column":54}}],"line":39},"1":{"loc":{"start":{"line":40,"column":2},"end":{"line":40,"column":19}},"type":"default-arg","locations":[{"start":{"line":40,"column":17},"end":{"line":40,"column":19}}],"line":40},"2":{"loc":{"start":{"line":41,"column":2},"end":{"line":41,"column":52}},"type":"default-arg","locations":[{"start":{"line":41,"column":17},"end":{"line":41,"column":52}}],"line":41},"3":{"loc":{"start":{"line":41,"column":17},"end":{"line":41,"column":52}},"type":"cond-expr","locations":[{"start":{"line":41,"column":45},"end":{"line":41,"column":47}},{"start":{"line":41,"column":50},"end":{"line":41,"column":52}}],"line":41},"4":{"loc":{"start":{"line":70,"column":4},"end":{"line":72,"column":5}},"type":"if","locations":[{"start":{"line":70,"column":4},"end":{"line":72,"column":5}},{"start":{},"end":{}}],"line":70},"5":{"loc":{"start":{"line":96,"column":28},"end":{"line":96,"column":60}},"type":"cond-expr","locations":[{"start":{"line":96,"column":39},"end":{"line":96,"column":48}},{"start":{"line":96,"column":51},"end":{"line":96,"column":60}}],"line":96},"6":{"loc":{"start":{"line":106,"column":23},"end":{"line":106,"column":77}},"type":"cond-expr","locations":[{"start":{"line":106,"column":52},"end":{"line":106,"column":66}},{"start":{"line":106,"column":69},"end":{"line":106,"column":77}}],"line":106},"7":{"loc":{"start":{"line":106,"column":23},"end":{"line":106,"column":49}},"type":"binary-expr","locations":[{"start":{"line":106,"column":23},"end":{"line":106,"column":31}},{"start":{"line":106,"column":35},"end":{"line":106,"column":49}}],"line":106},"8":{"loc":{"start":{"line":115,"column":32},"end":{"line":115,"column":56}},"type":"cond-expr","locations":[{"start":{"line":115,"column":43},"end":{"line":115,"column":48}},{"start":{"line":115,"column":51},"end":{"line":115,"column":56}}],"line":115},"9":{"loc":{"start":{"line":141,"column":21},"end":{"line":141,"column":55}},"type":"cond-expr","locations":[{"start":{"line":141,"column":49},"end":{"line":141,"column":50}},{"start":{"line":141,"column":53},"end":{"line":141,"column":55}}],"line":141},"10":{"loc":{"start":{"line":147,"column":21},"end":{"line":147,"column":54}},"type":"cond-expr","locations":[{"start":{"line":147,"column":49},"end":{"line":147,"column":50}},{"start":{"line":147,"column":53},"end":{"line":147,"column":54}}],"line":147}},"s":{"0":2,"1":2,"2":2,"3":2,"4":2,"5":0,"6":0,"7":2,"8":2,"9":2,"10":2,"11":2,"12":2,"13":2,"14":2,"15":2,"16":2,"17":8,"18":8,"19":8,"20":0,"21":1},"f":{"0":2,"1":0,"2":2,"3":2,"4":2,"5":8,"6":0},"b":{"0":[1],"1":[2],"2":[2],"3":[0,2],"4":[2,0],"5":[2,6],"6":[2,6],"7":[8,2],"8":[2,6],"9":[0,1],"10":[0,1]},"_coverageSchema":"1a1c01bbd47fc00a2c39e90264f33305004495a9","hash":"d53eee71b22df21643911dc94e629f3de30e9435"}
}
