TN:
SF:components/FloatingTabBar.tsx
FN:37,FloatingTabBar
FN:48,(anonymous_1)
FN:53,(anonymous_2)
FN:68,(anonymous_3)
FN:69,(anonymous_4)
FN:94,(anonymous_5)
FN:102,(anonymous_6)
FNF:7
FNH:5
FNDA:2,FloatingTabBar
FNDA:0,(anonymous_1)
FNDA:2,(anonymous_2)
FNDA:2,(anonymous_3)
FNDA:2,(anonymous_4)
FNDA:8,(anonymous_5)
FNDA:0,(anonymous_6)
DA:43,2
DA:44,2
DA:45,2
DA:46,2
DA:48,2
DA:49,0
DA:50,0
DA:53,2
DA:54,2
DA:55,2
DA:68,2
DA:69,2
DA:70,2
DA:71,2
DA:75,2
DA:77,2
DA:95,8
DA:96,8
DA:98,8
DA:102,0
DA:129,1
LF:21
LH:18
BRDA:39,0,0,1
BRDA:40,1,0,2
BRDA:41,2,0,2
BRDA:41,3,0,0
BRDA:41,3,1,2
BRDA:70,4,0,2
BRDA:70,4,1,0
BRDA:96,5,0,2
BRDA:96,5,1,6
BRDA:106,6,0,2
BRDA:106,6,1,6
BRDA:106,7,0,8
BRDA:106,7,1,2
BRDA:115,8,0,2
BRDA:115,8,1,6
BRDA:141,9,0,0
BRDA:141,9,1,1
BRDA:147,10,0,0
BRDA:147,10,1,1
BRF:19
BRH:15
end_of_record
